#! /c/Source/iverilog-install/bin/vvp
:ivl_version "12.0 (devel)" "(s20150603-1539-g2693dd32b)";
:ivl_delay_selection "TYPICAL";
:vpi_time_precision + 0;
:vpi_module "C:\iverilog\lib\ivl\system.vpi";
:vpi_module "C:\iverilog\lib\ivl\vhdl_sys.vpi";
:vpi_module "C:\iverilog\lib\ivl\vhdl_textio.vpi";
:vpi_module "C:\iverilog\lib\ivl\v2005_math.vpi";
:vpi_module "C:\iverilog\lib\ivl\va_math.vpi";
S_00000213a5230dd0 .scope module, "mul_16_tb" "mul_16_tb" 2 1;
 .timescale 0 0;
v00000213a5293920_0 .var/s "A", 15 0;
v00000213a52941e0_0 .var/s "B", 15 0;
v00000213a5295220_0 .net/s "result", 15 0, L_00000213a52954a0;  1 drivers
S_00000213a5230f60 .scope module, "mul" "karatsuba_mul_16" 2 5, 3 23 0, S_00000213a5230dd0;
 .timescale 0 0;
    .port_info 0 /INPUT 16 "A";
    .port_info 1 /INPUT 16 "B";
    .port_info 2 /OUTPUT 16 "result";
v00000213a52929b0_0 .net/s "A", 15 0, v00000213a5293920_0;  1 drivers
v00000213a52934f0_0 .net/s "A_H", 7 0, L_00000213a52952c0;  1 drivers
v00000213a5293590_0 .net/s "A_L", 7 0, L_00000213a5294c80;  1 drivers
v00000213a5293310_0 .net/s "B", 15 0, v00000213a52941e0_0;  1 drivers
v00000213a5292b90_0 .net/s "B_H", 7 0, L_00000213a52948c0;  1 drivers
v00000213a52931d0_0 .net/s "B_L", 7 0, L_00000213a5294280;  1 drivers
v00000213a52933b0_0 .net/s *"_ivl_12", 15 0, L_00000213a5294b40;  1 drivers
L_00000213a5296cf8 .functor BUFT 1, C4<0000000000000000>, C4<0>, C4<0>, C4<0>;
v00000213a5293270_0 .net/2s *"_ivl_16", 15 0, L_00000213a5296cf8;  1 drivers
v00000213a5293630_0 .net *"_ivl_18", 15 0, L_00000213a5293ec0;  1 drivers
v00000213a5292af0_0 .net *"_ivl_20", 7 0, L_00000213a5294460;  1 drivers
L_00000213a5296d40 .functor BUFT 1, C4<00000000>, C4<0>, C4<0>, C4<0>;
v00000213a5293090_0 .net *"_ivl_22", 7 0, L_00000213a5296d40;  1 drivers
v00000213a5294140_0 .net/s *"_ivl_24", 15 0, L_00000213a5293ce0;  1 drivers
v00000213a5295360_0 .net/s "result", 15 0, L_00000213a52954a0;  alias, 1 drivers
v00000213a52943c0_0 .net/s "z0", 15 0, v00000213a523c790_0;  1 drivers
v00000213a52939c0_0 .net/s "z1", 15 0, L_00000213a5294f00;  1 drivers
v00000213a5295720_0 .net/s "z2", 15 0, v00000213a5292f50_0;  1 drivers
v00000213a5294be0_0 .net/s "z3", 15 0, v00000213a5292ff0_0;  1 drivers
L_00000213a52952c0 .part v00000213a5293920_0, 8, 8;
L_00000213a5294c80 .part v00000213a5293920_0, 0, 8;
L_00000213a52948c0 .part v00000213a52941e0_0, 8, 8;
L_00000213a5294280 .part v00000213a52941e0_0, 0, 8;
L_00000213a5294d20 .arith/sum 8, L_00000213a52952c0, L_00000213a5294c80;
L_00000213a5294e60 .arith/sum 8, L_00000213a52948c0, L_00000213a5294280;
L_00000213a5294b40 .arith/sum 16, v00000213a523c790_0, v00000213a5292f50_0;
L_00000213a5294f00 .arith/sub 16, v00000213a5292ff0_0, L_00000213a5294b40;
L_00000213a5294460 .part L_00000213a5294f00, 0, 8;
L_00000213a5293ec0 .concat [ 8 8 0 0], L_00000213a5296d40, L_00000213a5294460;
L_00000213a5293ce0 .arith/sum 16, L_00000213a5296cf8, L_00000213a5293ec0;
L_00000213a52954a0 .arith/sum 16, L_00000213a5293ce0, v00000213a523c790_0;
S_00000213a523c4c0 .scope module, "mul1" "shift_and_add_mul_8" 3 31, 3 1 0, S_00000213a5230f60;
 .timescale 0 0;
    .port_info 0 /INPUT 8 "A";
    .port_info 1 /INPUT 8 "B";
    .port_info 2 /OUTPUT 16 "result";
v00000213a5203180_0 .net/s "A", 7 0, L_00000213a5294c80;  alias, 1 drivers
v00000213a5230ae0_0 .var/s "A_shift", 15 0;
v00000213a5234df0_0 .net/s "B", 7 0, L_00000213a5294280;  alias, 1 drivers
v00000213a523c650_0 .var/s "B_shift", 7 0;
v00000213a523c6f0_0 .var/i "i", 31 0;
v00000213a523c790_0 .var/s "product", 15 0;
v00000213a523c830_0 .net/s "result", 15 0, v00000213a523c790_0;  alias, 1 drivers
E_00000213a522ab90/0 .event anyedge, v00000213a5203180_0, v00000213a5234df0_0, v00000213a523c650_0, v00000213a523c790_0;
E_00000213a522ab90/1 .event anyedge, v00000213a5230ae0_0;
E_00000213a522ab90 .event/or E_00000213a522ab90/0, E_00000213a522ab90/1;
S_00000213a5202990 .scope module, "mul2" "shift_and_add_mul_8" 3 32, 3 1 0, S_00000213a5230f60;
 .timescale 0 0;
    .port_info 0 /INPUT 8 "A";
    .port_info 1 /INPUT 8 "B";
    .port_info 2 /OUTPUT 16 "result";
v00000213a5292cd0_0 .net/s "A", 7 0, L_00000213a52952c0;  alias, 1 drivers
v00000213a52936d0_0 .var/s "A_shift", 15 0;
v00000213a5293770_0 .net/s "B", 7 0, L_00000213a52948c0;  alias, 1 drivers
v00000213a5292a50_0 .var/s "B_shift", 7 0;
v00000213a5292e10_0 .var/i "i", 31 0;
v00000213a5292f50_0 .var/s "product", 15 0;
v00000213a5293810_0 .net/s "result", 15 0, v00000213a5292f50_0;  alias, 1 drivers
E_00000213a522a9d0/0 .event anyedge, v00000213a5292cd0_0, v00000213a5293770_0, v00000213a5292a50_0, v00000213a5292f50_0;
E_00000213a522a9d0/1 .event anyedge, v00000213a52936d0_0;
E_00000213a522a9d0 .event/or E_00000213a522a9d0/0, E_00000213a522a9d0/1;
S_00000213a5202b20 .scope module, "mul3" "shift_and_add_mul_8" 3 34, 3 1 0, S_00000213a5230f60;
 .timescale 0 0;
    .port_info 0 /INPUT 8 "A";
    .port_info 1 /INPUT 8 "B";
    .port_info 2 /OUTPUT 16 "result";
v00000213a5292d70_0 .net/s "A", 7 0, L_00000213a5294d20;  1 drivers
v00000213a5293450_0 .var/s "A_shift", 15 0;
v00000213a5292910_0 .net/s "B", 7 0, L_00000213a5294e60;  1 drivers
v00000213a5292c30_0 .var/s "B_shift", 7 0;
v00000213a5293130_0 .var/i "i", 31 0;
v00000213a5292ff0_0 .var/s "product", 15 0;
v00000213a5292eb0_0 .net/s "result", 15 0, v00000213a5292ff0_0;  alias, 1 drivers
E_00000213a522ae10/0 .event anyedge, v00000213a5292d70_0, v00000213a5292910_0, v00000213a5292c30_0, v00000213a5292ff0_0;
E_00000213a522ae10/1 .event anyedge, v00000213a5293450_0;
E_00000213a522ae10 .event/or E_00000213a522ae10/0, E_00000213a522ae10/1;
    .scope S_00000213a523c4c0;
T_0 ;
    %wait E_00000213a522ab90;
    %pushi/vec4 0, 0, 16;
    %store/vec4 v00000213a523c790_0, 0, 16;
    %load/vec4 v00000213a5203180_0;
    %pad/s 16;
    %store/vec4 v00000213a5230ae0_0, 0, 16;
    %load/vec4 v00000213a5234df0_0;
    %store/vec4 v00000213a523c650_0, 0, 8;
    %pushi/vec4 0, 0, 32;
    %store/vec4 v00000213a523c6f0_0, 0, 32;
T_0.0 ;
    %load/vec4 v00000213a523c6f0_0;
    %cmpi/s 8, 0, 32;
    %jmp/0xz T_0.1, 5;
    %load/vec4 v00000213a523c650_0;
    %parti/s 1, 0, 2;
    %cmpi/e 1, 0, 1;
    %jmp/0xz  T_0.2, 4;
    %load/vec4 v00000213a523c790_0;
    %load/vec4 v00000213a5230ae0_0;
    %add;
    %store/vec4 v00000213a523c790_0, 0, 16;
T_0.2 ;
    %load/vec4 v00000213a5230ae0_0;
    %ix/load 4, 1, 0;
    %flag_set/imm 4, 0;
    %shiftl 4;
    %store/vec4 v00000213a5230ae0_0, 0, 16;
    %load/vec4 v00000213a523c650_0;
    %ix/load 4, 1, 0;
    %flag_set/imm 4, 0;
    %shiftr/s 4;
    %store/vec4 v00000213a523c650_0, 0, 8;
    %load/vec4 v00000213a523c6f0_0;
    %addi 1, 0, 32;
    %store/vec4 v00000213a523c6f0_0, 0, 32;
    %jmp T_0.0;
T_0.1 ;
    %jmp T_0;
    .thread T_0, $push;
    .scope S_00000213a5202990;
T_1 ;
    %wait E_00000213a522a9d0;
    %pushi/vec4 0, 0, 16;
    %store/vec4 v00000213a5292f50_0, 0, 16;
    %load/vec4 v00000213a5292cd0_0;
    %pad/s 16;
    %store/vec4 v00000213a52936d0_0, 0, 16;
    %load/vec4 v00000213a5293770_0;
    %store/vec4 v00000213a5292a50_0, 0, 8;
    %pushi/vec4 0, 0, 32;
    %store/vec4 v00000213a5292e10_0, 0, 32;
T_1.0 ;
    %load/vec4 v00000213a5292e10_0;
    %cmpi/s 8, 0, 32;
    %jmp/0xz T_1.1, 5;
    %load/vec4 v00000213a5292a50_0;
    %parti/s 1, 0, 2;
    %cmpi/e 1, 0, 1;
    %jmp/0xz  T_1.2, 4;
    %load/vec4 v00000213a5292f50_0;
    %load/vec4 v00000213a52936d0_0;
    %add;
    %store/vec4 v00000213a5292f50_0, 0, 16;
T_1.2 ;
    %load/vec4 v00000213a52936d0_0;
    %ix/load 4, 1, 0;
    %flag_set/imm 4, 0;
    %shiftl 4;
    %store/vec4 v00000213a52936d0_0, 0, 16;
    %load/vec4 v00000213a5292a50_0;
    %ix/load 4, 1, 0;
    %flag_set/imm 4, 0;
    %shiftr/s 4;
    %store/vec4 v00000213a5292a50_0, 0, 8;
    %load/vec4 v00000213a5292e10_0;
    %addi 1, 0, 32;
    %store/vec4 v00000213a5292e10_0, 0, 32;
    %jmp T_1.0;
T_1.1 ;
    %jmp T_1;
    .thread T_1, $push;
    .scope S_00000213a5202b20;
T_2 ;
    %wait E_00000213a522ae10;
    %pushi/vec4 0, 0, 16;
    %store/vec4 v00000213a5292ff0_0, 0, 16;
    %load/vec4 v00000213a5292d70_0;
    %pad/s 16;
    %store/vec4 v00000213a5293450_0, 0, 16;
    %load/vec4 v00000213a5292910_0;
    %store/vec4 v00000213a5292c30_0, 0, 8;
    %pushi/vec4 0, 0, 32;
    %store/vec4 v00000213a5293130_0, 0, 32;
T_2.0 ;
    %load/vec4 v00000213a5293130_0;
    %cmpi/s 8, 0, 32;
    %jmp/0xz T_2.1, 5;
    %load/vec4 v00000213a5292c30_0;
    %parti/s 1, 0, 2;
    %cmpi/e 1, 0, 1;
    %jmp/0xz  T_2.2, 4;
    %load/vec4 v00000213a5292ff0_0;
    %load/vec4 v00000213a5293450_0;
    %add;
    %store/vec4 v00000213a5292ff0_0, 0, 16;
T_2.2 ;
    %load/vec4 v00000213a5293450_0;
    %ix/load 4, 1, 0;
    %flag_set/imm 4, 0;
    %shiftl 4;
    %store/vec4 v00000213a5293450_0, 0, 16;
    %load/vec4 v00000213a5292c30_0;
    %ix/load 4, 1, 0;
    %flag_set/imm 4, 0;
    %shiftr/s 4;
    %store/vec4 v00000213a5292c30_0, 0, 8;
    %load/vec4 v00000213a5293130_0;
    %addi 1, 0, 32;
    %store/vec4 v00000213a5293130_0, 0, 32;
    %jmp T_2.0;
T_2.1 ;
    %jmp T_2;
    .thread T_2, $push;
    .scope S_00000213a5230dd0;
T_3 ;
    %vpi_call 2 8 "$dumpfile", "mul.vcd" {0 0 0};
    %vpi_call 2 9 "$dumpvars", 32'sb00000000000000000000000000000000, S_00000213a5230dd0 {0 0 0};
    %load/vec4 v00000213a5293920_0;
    %load/vec4 v00000213a52941e0_0;
    %mul;
    %vpi_call 2 10 "$monitor", "A: %d, B:%d, result:%d, expected:%d", v00000213a5293920_0, v00000213a52941e0_0, v00000213a5295220_0, S<0,vec4,s16> {1 0 0};
    %pushi/vec4 12, 0, 16;
    %store/vec4 v00000213a5293920_0, 0, 16;
    %pushi/vec4 13, 0, 16;
    %store/vec4 v00000213a52941e0_0, 0, 16;
    %delay 10, 0;
    %pushi/vec4 65521, 0, 16;
    %store/vec4 v00000213a5293920_0, 0, 16;
    %pushi/vec4 7, 0, 16;
    %store/vec4 v00000213a52941e0_0, 0, 16;
    %delay 10, 0;
    %pushi/vec4 100, 0, 16;
    %store/vec4 v00000213a5293920_0, 0, 16;
    %pushi/vec4 65531, 0, 16;
    %store/vec4 v00000213a52941e0_0, 0, 16;
    %delay 10, 0;
    %pushi/vec4 65511, 0, 16;
    %store/vec4 v00000213a5293920_0, 0, 16;
    %pushi/vec4 65532, 0, 16;
    %store/vec4 v00000213a52941e0_0, 0, 16;
    %delay 10, 0;
    %pushi/vec4 0, 0, 16;
    %store/vec4 v00000213a5293920_0, 0, 16;
    %pushi/vec4 1234, 0, 16;
    %store/vec4 v00000213a52941e0_0, 0, 16;
    %delay 10, 0;
    %pushi/vec4 32767, 0, 16;
    %store/vec4 v00000213a5293920_0, 0, 16;
    %pushi/vec4 1, 0, 16;
    %store/vec4 v00000213a52941e0_0, 0, 16;
    %delay 10, 0;
    %end;
    .thread T_3;
# The file index is used to find the file name in the following table.
:file_names 4;
    "N/A";
    "<interactive>";
    "mul_16_tb.v";
    "mul_16.v";
